<?xml version="1.0" encoding="utf-8"?><testsuites name="pytest tests"><testsuite name="pytest" errors="0" failures="0" skipped="0" tests="5" time="0.089" timestamp="2025-06-30T11:57:07.047693+05:30" hostname="DESKTOP-ITGBGPA"><testcase classname="test_swap" name="test_swap_without_temp[5-10-10-5]" time="0.002" /><testcase classname="test_swap" name="test_swap_without_temp[0-0-0-0]" time="0.004" /><testcase classname="test_swap" name="test_swap_without_temp[-1-1-1--1]" time="0.001" /><testcase classname="test_swap" name="test_swap_without_temp[123-456-456-123]" time="0.001" /><testcase classname="test_swap" name="test_swap_without_temp[-5--10--10--5]" time="0.001" /></testsuite></testsuites>